{"data":{"headers":{"auth-token":null}},"level":"info","message":"Data received","timestamp":"2025-01-14T13:59:38.560Z"}
{"data":{"headers":{"auth-token":null}},"level":"info","message":"Data received","timestamp":"2025-01-14T13:59:45.104Z"}
{"data":{"headers":{"auth-token":"eyJhbGciOiJIUzI1NiIsInR5cCI6IkpXVCJ9.eyJfaWQiOiI2NzdlOGYwNzQ4MWFhODEwMmYxYWRmMTYiLCJpYXQiOjE3MzYzNDczOTl9.M4t_Og8gtWAwcCKoBOv0lNdNbs2JDGoANku6JUIBGhU"}},"level":"info","message":"Data received","timestamp":"2025-01-14T14:38:47.126Z"}
{"data":{"headers":{"auth-token":"eyJhbGciOiJIUzI1NiIsInR5cCI6IkpXVCJ9.eyJfaWQiOiI2NzdlOGYwNzQ4MWFhODEwMmYxYWRmMTYiLCJpYXQiOjE3MzYzNDczOTl9.M4t_Og8gtWAwcCKoBOv0lNdNbs2JDGoANku6JUIBGhU"}},"level":"info","message":"Data received","timestamp":"2025-01-14T14:38:47.229Z"}
{"data":{"headers":{"auth-token":"eyJhbGciOiJIUzI1NiIsInR5cCI6IkpXVCJ9.eyJfaWQiOiI2NzdlOGYwNzQ4MWFhODEwMmYxYWRmMTYiLCJpYXQiOjE3MzYzNDczOTl9.M4t_Og8gtWAwcCKoBOv0lNdNbs2JDGoANku6JUIBGhU"}},"level":"info","message":"Data received","timestamp":"2025-01-14T14:38:56.529Z"}
{"data":{"feedback":"","prolific_Code":"55","q1":"55","q10":"","q2":"option1","q3":"option1","q4":"option1","q5":"option1","q6":"55","q7":"option2","q8":"option1","q9":""},"level":"info","message":"Data received","timestamp":"2025-01-14T14:39:14.931Z"}
{"data":{"headers":{"auth-token":"eyJhbGciOiJIUzI1NiIsInR5cCI6IkpXVCJ9.eyJfaWQiOiI2NzdlOGYwNzQ4MWFhODEwMmYxYWRmMTYiLCJpYXQiOjE3MzYzNDczOTl9.M4t_Og8gtWAwcCKoBOv0lNdNbs2JDGoANku6JUIBGhU"}},"level":"info","message":"Data received","timestamp":"2025-01-14T14:39:14.994Z"}
{"data":{"password":"","pool":"1","profilePicture":"Blaues Huhn.webp","username":"Blaues Huhn","username_second":"Schwarzer Hase"},"level":"info","message":"Data received","timestamp":"2025-01-14T14:39:18.307Z"}
{"data":{"headers":{"auth-token":"eyJhbGciOiJIUzI1NiIsInR5cCI6IkpXVCJ9.eyJfaWQiOiI2Nzg2NzcxNmQ0ZjIyYzIzZmQzMDFkMDQiLCJpYXQiOjE3MzY4NjU1NTh9.RGb1O8WDiu-A8iyXRwhV8JtPHXCmYt0Esw4ij47tohs"},"userId":"67867716d4f22c23fd301d04","version":"1"},"level":"info","message":"Data received","timestamp":"2025-01-14T14:39:18.440Z"}
{"data":{},"level":"info","message":"Data received","timestamp":"2025-01-14T14:39:18.535Z"}
{"data":{},"level":"info","message":"Data received","timestamp":"2025-01-14T14:39:18.537Z"}
{"data":{},"level":"info","message":"Data received","timestamp":"2025-01-14T14:39:18.606Z"}
{"data":{},"level":"info","message":"Data received","timestamp":"2025-01-14T14:39:18.608Z"}
{"data":{},"level":"info","message":"Data received","timestamp":"2025-01-14T14:39:18.689Z"}
{"data":{},"level":"info","message":"Data received","timestamp":"2025-01-14T14:39:18.690Z"}
{"data":{},"level":"info","message":"Data received","timestamp":"2025-01-14T14:39:18.733Z"}
{"data":{},"level":"info","message":"Data received","timestamp":"2025-01-14T14:39:28.620Z"}
{"data":{},"level":"info","message":"Data received","timestamp":"2025-01-14T14:39:38.615Z"}
{"data":{},"level":"info","message":"Data received","timestamp":"2025-01-14T14:39:48.620Z"}
{"data":{},"level":"info","message":"Data received","timestamp":"2025-01-14T14:39:58.642Z"}
{"data":{},"level":"info","message":"Data received","timestamp":"2025-01-14T14:40:08.635Z"}
{"data":{},"level":"info","message":"Data received","timestamp":"2025-01-14T14:40:18.631Z"}
{"data":{},"level":"info","message":"Data received","timestamp":"2025-01-14T14:40:28.633Z"}
{"data":{},"level":"info","message":"Data received","timestamp":"2025-01-14T14:40:38.648Z"}
{"data":{},"level":"info","message":"Data received","timestamp":"2025-01-14T14:40:48.651Z"}
{"data":{},"level":"info","message":"Data received","timestamp":"2025-01-14T14:41:13.649Z"}
{"data":{},"level":"info","message":"Data received","timestamp":"2025-01-14T14:41:20.629Z"}
{"data":{},"level":"info","message":"Data received","timestamp":"2025-01-14T14:41:28.623Z"}
{"data":{},"level":"info","message":"Data received","timestamp":"2025-01-14T14:41:38.639Z"}
{"data":{},"level":"info","message":"Data received","timestamp":"2025-01-14T14:41:48.673Z"}
{"data":{},"level":"info","message":"Data received","timestamp":"2025-01-14T14:41:58.633Z"}
{"data":{},"level":"info","message":"Data received","timestamp":"2025-01-14T14:42:08.643Z"}
{"data":{},"level":"info","message":"Data received","timestamp":"2025-01-14T14:42:18.643Z"}
{"data":{},"level":"info","message":"Data received","timestamp":"2025-01-14T14:42:28.652Z"}
{"data":{},"level":"info","message":"Data received","timestamp":"2025-01-14T14:42:38.652Z"}
{"data":{},"level":"info","message":"Data received","timestamp":"2025-01-14T14:42:48.634Z"}
{"data":{},"level":"info","message":"Data received","timestamp":"2025-01-14T14:42:58.649Z"}
{"data":{},"level":"info","message":"Data received","timestamp":"2025-01-14T14:43:08.643Z"}
{"data":{},"level":"info","message":"Data received","timestamp":"2025-01-14T14:43:18.633Z"}
{"data":{},"level":"info","message":"Data received","timestamp":"2025-01-14T14:43:28.655Z"}
{"data":{},"level":"info","message":"Data received","timestamp":"2025-01-14T14:43:38.640Z"}
{"data":{},"level":"info","message":"Data received","timestamp":"2025-01-14T14:43:48.620Z"}
{"data":{},"level":"info","message":"Data received","timestamp":"2025-01-14T14:43:58.659Z"}
{"data":{},"level":"info","message":"Data received","timestamp":"2025-01-14T14:44:08.619Z"}
{"data":{},"level":"info","message":"Data received","timestamp":"2025-01-14T14:44:18.629Z"}
{"data":{},"level":"info","message":"Data received","timestamp":"2025-01-14T14:44:28.657Z"}
{"data":{},"level":"info","message":"Data received","timestamp":"2025-01-14T14:44:38.643Z"}
{"data":{},"level":"info","message":"Data received","timestamp":"2025-01-14T14:44:48.640Z"}
{"data":{},"level":"info","message":"Data received","timestamp":"2025-01-14T14:44:58.642Z"}
{"data":{},"level":"info","message":"Data received","timestamp":"2025-01-14T14:45:08.640Z"}
{"data":{},"level":"info","message":"Data received","timestamp":"2025-01-14T14:45:18.642Z"}
{"data":{},"level":"info","message":"Data received","timestamp":"2025-01-14T14:45:28.654Z"}
{"data":{},"level":"info","message":"Data received","timestamp":"2025-01-14T14:45:38.661Z"}
{"data":{},"level":"info","message":"Data received","timestamp":"2025-01-14T14:45:48.651Z"}
{"data":{},"level":"info","message":"Data received","timestamp":"2025-01-14T14:45:58.652Z"}
{"data":{},"level":"info","message":"Data received","timestamp":"2025-01-14T14:46:08.637Z"}
{"data":{},"level":"info","message":"Data received","timestamp":"2025-01-14T14:46:18.645Z"}
{"data":{},"level":"info","message":"Data received","timestamp":"2025-01-14T14:46:28.649Z"}
{"data":{},"level":"info","message":"Data received","timestamp":"2025-01-14T14:46:38.649Z"}
{"data":{},"level":"info","message":"Data received","timestamp":"2025-01-14T14:46:48.667Z"}
{"data":{},"level":"info","message":"Data received","timestamp":"2025-01-14T14:46:58.653Z"}
{"data":{},"level":"info","message":"Data received","timestamp":"2025-01-14T14:47:08.660Z"}
{"data":{},"level":"info","message":"Data received","timestamp":"2025-01-14T14:47:18.641Z"}
{"data":{},"level":"info","message":"Data received","timestamp":"2025-01-14T14:47:28.678Z"}
{"data":{},"level":"info","message":"Data received","timestamp":"2025-01-14T14:47:38.672Z"}
{"data":{},"level":"info","message":"Data received","timestamp":"2025-01-14T14:47:48.644Z"}
{"data":{},"level":"info","message":"Data received","timestamp":"2025-01-14T14:47:58.660Z"}
{"data":{},"level":"info","message":"Data received","timestamp":"2025-01-14T14:48:08.660Z"}
{"data":{},"level":"info","message":"Data received","timestamp":"2025-01-14T14:48:18.663Z"}
{"data":{"headers":{"auth-token":"eyJhbGciOiJIUzI1NiIsInR5cCI6IkpXVCJ9.eyJfaWQiOiI2Nzg2NzcxNmQ0ZjIyYzIzZmQzMDFkMDQiLCJpYXQiOjE3MzY4NjU1NTh9.RGb1O8WDiu-A8iyXRwhV8JtPHXCmYt0Esw4ij47tohs"},"userId":"67867716d4f22c23fd301d04"},"level":"info","message":"Data received","timestamp":"2025-01-14T14:48:26.896Z"}
{"data":{"headers":{"auth-token":"eyJhbGciOiJIUzI1NiIsInR5cCI6IkpXVCJ9.eyJfaWQiOiI2Nzg2NzcxNmQ0ZjIyYzIzZmQzMDFkMDQiLCJpYXQiOjE3MzY4NjU1NTh9.RGb1O8WDiu-A8iyXRwhV8JtPHXCmYt0Esw4ij47tohs"},"userId":"67867716d4f22c23fd301d04"},"level":"info","message":"Data received","timestamp":"2025-01-14T14:48:28.159Z"}
{"data":{},"level":"info","message":"Data received","timestamp":"2025-01-14T14:48:28.539Z"}
{"data":{},"level":"info","message":"Data received","timestamp":"2025-01-14T14:48:28.589Z"}
{"data":{},"level":"info","message":"Data received","timestamp":"2025-01-14T14:48:38.641Z"}
{"data":{},"level":"info","message":"Data received","timestamp":"2025-01-14T14:48:38.689Z"}
{"data":{},"level":"info","message":"Data received","timestamp":"2025-01-14T14:48:45.986Z"}
{"data":{},"level":"info","message":"Data received","timestamp":"2025-01-14T14:48:45.988Z"}
{"error":"Cannot populate path `comments.reposts` because it is not in your schema. Set the `strictPopulate` option to false to override.","level":"error","message":"Error saving data","timestamp":"2025-01-14T14:48:45.992Z"}
{"data":{"headers":{"auth-token":"eyJhbGciOiJIUzI1NiIsInR5cCI6IkpXVCJ9.eyJfaWQiOiI2Nzg2NzcxNmQ0ZjIyYzIzZmQzMDFkMDQiLCJpYXQiOjE3MzY4NjU1NTh9.RGb1O8WDiu-A8iyXRwhV8JtPHXCmYt0Esw4ij47tohs"},"postId":"67867716d4f22c23fd301d0a","txt":"55","userId":"67867716d4f22c23fd301d04","username":"Blaues Huhn"},"level":"info","message":"Data received","timestamp":"2025-01-14T14:48:50.705Z"}
{"data":{},"level":"info","message":"Data received","timestamp":"2025-01-14T14:48:50.759Z"}
{"error":"Cannot populate path `comments.reposts` because it is not in your schema. Set the `strictPopulate` option to false to override.","level":"error","message":"Error saving data","timestamp":"2025-01-14T14:48:50.764Z"}
{"data":{},"level":"info","message":"Data received","timestamp":"2025-01-14T14:48:52.128Z"}
{"data":{},"level":"info","message":"Data received","timestamp":"2025-01-14T14:48:52.181Z"}
{"data":{},"level":"info","message":"Data received","timestamp":"2025-01-14T14:48:52.272Z"}
{"data":{},"level":"info","message":"Data received","timestamp":"2025-01-14T14:48:52.278Z"}
{"data":{},"level":"info","message":"Data received","timestamp":"2025-01-14T14:48:52.325Z"}
{"data":{},"level":"info","message":"Data received","timestamp":"2025-01-14T14:48:52.327Z"}
{"data":{},"level":"info","message":"Data received","timestamp":"2025-01-14T14:48:52.405Z"}
{"data":{},"level":"info","message":"Data received","timestamp":"2025-01-14T14:48:54.678Z"}
{"data":{},"level":"info","message":"Data received","timestamp":"2025-01-14T14:48:54.680Z"}
{"data":{"headers":{"auth-token":"eyJhbGciOiJIUzI1NiIsInR5cCI6IkpXVCJ9.eyJfaWQiOiI2Nzg2NzcxNmQ0ZjIyYzIzZmQzMDFkMDQiLCJpYXQiOjE3MzY4NjU1NTh9.RGb1O8WDiu-A8iyXRwhV8JtPHXCmYt0Esw4ij47tohs"},"postId":"67867716d4f22c23fd301d1c","txt":"trt","userId":"67867716d4f22c23fd301d04","username":"Blaues Huhn"},"level":"info","message":"Data received","timestamp":"2025-01-14T14:48:57.095Z"}
{"data":{},"level":"info","message":"Data received","timestamp":"2025-01-14T14:48:57.149Z"}
{"error":"Cannot populate path `comments.reposts` because it is not in your schema. Set the `strictPopulate` option to false to override.","level":"error","message":"Error saving data","timestamp":"2025-01-14T14:48:57.154Z"}
{"data":{},"level":"info","message":"Data received","timestamp":"2025-01-14T14:49:01.852Z"}
{"data":{},"level":"info","message":"Data received","timestamp":"2025-01-14T14:49:01.854Z"}
{"data":{},"level":"info","message":"Data received","timestamp":"2025-01-14T14:49:02.016Z"}
{"data":{},"level":"info","message":"Data received","timestamp":"2025-01-14T14:49:02.078Z"}
{"data":{},"level":"info","message":"Data received","timestamp":"2025-01-14T14:49:02.079Z"}
{"data":{},"level":"info","message":"Data received","timestamp":"2025-01-14T14:49:02.080Z"}
{"data":{},"level":"info","message":"Data received","timestamp":"2025-01-14T14:49:02.083Z"}
{"data":{},"level":"info","message":"Data received","timestamp":"2025-01-14T14:49:03.718Z"}
{"data":{},"level":"info","message":"Data received","timestamp":"2025-01-14T14:49:03.720Z"}
{"data":{"headers":{"auth-token":"eyJhbGciOiJIUzI1NiIsInR5cCI6IkpXVCJ9.eyJfaWQiOiI2Nzg2NzcxNmQ0ZjIyYzIzZmQzMDFkMDQiLCJpYXQiOjE3MzY4NjU1NTh9.RGb1O8WDiu-A8iyXRwhV8JtPHXCmYt0Esw4ij47tohs"},"postId":"67867716d4f22c23fd301d1e","txt":"444","userId":"67867716d4f22c23fd301d04","username":"Blaues Huhn"},"level":"info","message":"Data received","timestamp":"2025-01-14T14:49:07.503Z"}
{"data":{},"level":"info","message":"Data received","timestamp":"2025-01-14T14:49:07.557Z"}
{"error":"Cannot populate path `comments.reposts` because it is not in your schema. Set the `strictPopulate` option to false to override.","level":"error","message":"Error saving data","timestamp":"2025-01-14T14:49:07.561Z"}
{"data":{},"level":"info","message":"Data received","timestamp":"2025-01-14T14:49:08.851Z"}
{"data":{},"level":"info","message":"Data received","timestamp":"2025-01-14T14:49:08.852Z"}
{"data":{},"level":"info","message":"Data received","timestamp":"2025-01-14T14:49:09.052Z"}
{"data":{},"level":"info","message":"Data received","timestamp":"2025-01-14T14:49:09.065Z"}
{"data":{},"level":"info","message":"Data received","timestamp":"2025-01-14T14:49:09.089Z"}
{"data":{},"level":"info","message":"Data received","timestamp":"2025-01-14T14:49:09.091Z"}
{"data":{},"level":"info","message":"Data received","timestamp":"2025-01-14T14:49:09.103Z"}
{"data":{},"level":"info","message":"Data received","timestamp":"2025-01-14T14:49:12.486Z"}
{"data":{},"level":"info","message":"Data received","timestamp":"2025-01-14T14:49:12.488Z"}
{"data":{"headers":{"auth-token":"eyJhbGciOiJIUzI1NiIsInR5cCI6IkpXVCJ9.eyJfaWQiOiI2Nzg2NzcxNmQ0ZjIyYzIzZmQzMDFkMDQiLCJpYXQiOjE3MzY4NjU1NTh9.RGb1O8WDiu-A8iyXRwhV8JtPHXCmYt0Esw4ij47tohs"},"survey":{"feedback":"","q10":"option3","q10_1":"option1","q10_2":"option1","q10_3":"option1","q11":"option1","q12":"option2","q12_1":"","q13_1":"option2","q13_2":"option2","q13_3":"option1","q14":"option1","q15":"option1","q16":"","q2":"option3","q3":"option3","q4":"option4","q5":"option1","q6":"option2","q7":"option1","q8":"option1","q9":"option1"}},"level":"info","message":"Data received","timestamp":"2025-01-14T14:49:43.397Z"}
{"data":{"headers":{"auth-token":null}},"level":"info","message":"Data received","timestamp":"2025-01-14T14:50:09.160Z"}
{"data":{"headers":{"auth-token":null}},"level":"info","message":"Data received","timestamp":"2025-01-14T14:50:15.857Z"}
{"data":{"headers":{"auth-token":null}},"level":"info","message":"Data received","timestamp":"2025-01-14T14:50:21.487Z"}
{"data":{"headers":{"auth-token":null}},"level":"info","message":"Data received","timestamp":"2025-01-14T14:50:28.217Z"}
{"data":{"feedback":"","prolific_Code":"55","q1":"55","q10":"","q2":"option1","q3":"option2","q4":"option1","q5":"option2","q6":"55","q7":"option2","q8":"option3","q9":""},"level":"info","message":"Data received","timestamp":"2025-01-14T14:50:45.534Z"}
{"data":{"headers":{"auth-token":null}},"level":"info","message":"Data received","timestamp":"2025-01-14T14:50:45.595Z"}
{"data":{"password":"","pool":"4","profilePicture":"Rosa Biene.webp","username":"Rosa Biene","username_second":"Black Samurai"},"level":"info","message":"Data received","timestamp":"2025-01-14T14:50:48.745Z"}
{"data":{"headers":{"auth-token":"eyJhbGciOiJIUzI1NiIsInR5cCI6IkpXVCJ9.eyJfaWQiOiI2Nzg2NzljOGQ0ZjIyYzIzZmQzMDFlNGIiLCJpYXQiOjE3MzY4NjYyNDh9.CXjKtlTZCF9h7elsAKEuW_JCLbOjRQVysfZWCoTiuO0"},"userId":"678679c8d4f22c23fd301e4b","version":"4"},"level":"info","message":"Data received","timestamp":"2025-01-14T14:50:48.864Z"}
{"data":{},"level":"info","message":"Data received","timestamp":"2025-01-14T14:50:48.948Z"}
{"data":{},"level":"info","message":"Data received","timestamp":"2025-01-14T14:50:48.949Z"}
{"data":{},"level":"info","message":"Data received","timestamp":"2025-01-14T14:50:49.014Z"}
{"data":{},"level":"info","message":"Data received","timestamp":"2025-01-14T14:50:49.015Z"}
{"data":{},"level":"info","message":"Data received","timestamp":"2025-01-14T14:50:49.061Z"}
{"data":{},"level":"info","message":"Data received","timestamp":"2025-01-14T14:50:49.098Z"}
{"data":{},"level":"info","message":"Data received","timestamp":"2025-01-14T14:50:49.140Z"}
{"data":{"headers":{"auth-token":"eyJhbGciOiJIUzI1NiIsInR5cCI6IkpXVCJ9.eyJfaWQiOiI2Nzg2NzljOGQ0ZjIyYzIzZmQzMDFlNGIiLCJpYXQiOjE3MzY4NjYyNDh9.CXjKtlTZCF9h7elsAKEuW_JCLbOjRQVysfZWCoTiuO0"},"userId":"678679c8d4f22c23fd301e4b"},"level":"info","message":"Data received","timestamp":"2025-01-14T14:50:52.453Z"}
{"data":{"headers":{"auth-token":"eyJhbGciOiJIUzI1NiIsInR5cCI6IkpXVCJ9.eyJfaWQiOiI2Nzg2NzljOGQ0ZjIyYzIzZmQzMDFlNGIiLCJpYXQiOjE3MzY4NjYyNDh9.CXjKtlTZCF9h7elsAKEuW_JCLbOjRQVysfZWCoTiuO0"},"userId":"678679c8d4f22c23fd301e4b"},"level":"info","message":"Data received","timestamp":"2025-01-14T14:50:54.483Z"}
{"data":{},"level":"info","message":"Data received","timestamp":"2025-01-14T14:50:58.959Z"}
{"data":{},"level":"info","message":"Data received","timestamp":"2025-01-14T14:50:59.006Z"}
{"data":{},"level":"info","message":"Data received","timestamp":"2025-01-14T14:51:09.038Z"}
{"data":{},"level":"info","message":"Data received","timestamp":"2025-01-14T14:51:09.086Z"}
{"data":{},"level":"info","message":"Data received","timestamp":"2025-01-14T14:51:19.050Z"}
{"data":{},"level":"info","message":"Data received","timestamp":"2025-01-14T14:51:29.032Z"}
{"data":{},"level":"info","message":"Data received","timestamp":"2025-01-14T14:51:39.038Z"}
{"data":{},"level":"info","message":"Data received","timestamp":"2025-01-14T14:51:45.041Z"}
{"data":{},"level":"info","message":"Data received","timestamp":"2025-01-14T14:51:45.042Z"}
{"data":{"headers":{"auth-token":"eyJhbGciOiJIUzI1NiIsInR5cCI6IkpXVCJ9.eyJfaWQiOiI2Nzg2NzljOGQ0ZjIyYzIzZmQzMDFlNGIiLCJpYXQiOjE3MzY4NjYyNDh9.CXjKtlTZCF9h7elsAKEuW_JCLbOjRQVysfZWCoTiuO0"},"postId":"678679c8d4f22c23fd301e51","txt":"44","userId":"678679c8d4f22c23fd301e4b","username":"Rosa Biene"},"level":"info","message":"Data received","timestamp":"2025-01-14T14:51:53.395Z"}
{"data":{},"level":"info","message":"Data received","timestamp":"2025-01-14T14:51:53.450Z"}
{"error":"Cannot populate path `comments.reposts` because it is not in your schema. Set the `strictPopulate` option to false to override.","level":"error","message":"Error saving data","timestamp":"2025-01-14T14:51:53.454Z"}
{"data":{},"level":"info","message":"Data received","timestamp":"2025-01-14T14:51:55.003Z"}
{"data":{},"level":"info","message":"Data received","timestamp":"2025-01-14T14:51:55.004Z"}
{"data":{},"level":"info","message":"Data received","timestamp":"2025-01-14T14:51:55.082Z"}
{"data":{},"level":"info","message":"Data received","timestamp":"2025-01-14T14:51:55.125Z"}
{"data":{},"level":"info","message":"Data received","timestamp":"2025-01-14T14:51:55.197Z"}
{"data":{},"level":"info","message":"Data received","timestamp":"2025-01-14T14:51:55.240Z"}
{"data":{},"level":"info","message":"Data received","timestamp":"2025-01-14T14:51:55.269Z"}
{"data":{},"level":"info","message":"Data received","timestamp":"2025-01-14T14:51:57.338Z"}
{"data":{},"level":"info","message":"Data received","timestamp":"2025-01-14T14:51:57.340Z"}
{"data":{"headers":{"auth-token":"eyJhbGciOiJIUzI1NiIsInR5cCI6IkpXVCJ9.eyJfaWQiOiI2Nzg2NzljOGQ0ZjIyYzIzZmQzMDFlNGIiLCJpYXQiOjE3MzY4NjYyNDh9.CXjKtlTZCF9h7elsAKEuW_JCLbOjRQVysfZWCoTiuO0"},"postId":"678679c8d4f22c23fd301e57","txt":"44","userId":"678679c8d4f22c23fd301e4b","username":"Rosa Biene"},"level":"info","message":"Data received","timestamp":"2025-01-14T14:52:00.427Z"}
{"data":{},"level":"info","message":"Data received","timestamp":"2025-01-14T14:52:00.481Z"}
{"error":"Cannot populate path `comments.reposts` because it is not in your schema. Set the `strictPopulate` option to false to override.","level":"error","message":"Error saving data","timestamp":"2025-01-14T14:52:00.485Z"}
{"data":{},"level":"info","message":"Data received","timestamp":"2025-01-14T14:52:09.038Z"}
{"data":{},"level":"info","message":"Data received","timestamp":"2025-01-14T14:52:09.040Z"}
{"data":{},"level":"info","message":"Data received","timestamp":"2025-01-14T14:52:09.103Z"}
{"data":{},"level":"info","message":"Data received","timestamp":"2025-01-14T14:52:09.105Z"}
{"data":{},"level":"info","message":"Data received","timestamp":"2025-01-14T14:52:09.149Z"}
{"data":{},"level":"info","message":"Data received","timestamp":"2025-01-14T14:52:09.194Z"}
{"data":{},"level":"info","message":"Data received","timestamp":"2025-01-14T14:52:09.236Z"}
{"data":{},"level":"info","message":"Data received","timestamp":"2025-01-14T14:52:19.025Z"}
{"data":{},"level":"info","message":"Data received","timestamp":"2025-01-14T14:52:27.845Z"}
{"data":{},"level":"info","message":"Data received","timestamp":"2025-01-14T14:52:27.847Z"}
{"data":{"headers":{"auth-token":"eyJhbGciOiJIUzI1NiIsInR5cCI6IkpXVCJ9.eyJfaWQiOiI2Nzg2NzljOGQ0ZjIyYzIzZmQzMDFlNGIiLCJpYXQiOjE3MzY4NjYyNDh9.CXjKtlTZCF9h7elsAKEuW_JCLbOjRQVysfZWCoTiuO0"},"postId":"678679c8d4f22c23fd301e53","txt":"ff","userId":"678679c8d4f22c23fd301e4b","username":"Rosa Biene"},"level":"info","message":"Data received","timestamp":"2025-01-14T14:52:30.466Z"}
{"data":{},"level":"info","message":"Data received","timestamp":"2025-01-14T14:52:30.528Z"}
{"error":"Cannot populate path `comments.reposts` because it is not in your schema. Set the `strictPopulate` option to false to override.","level":"error","message":"Error saving data","timestamp":"2025-01-14T14:52:30.532Z"}
{"data":{},"level":"info","message":"Data received","timestamp":"2025-01-14T14:52:32.019Z"}
{"data":{},"level":"info","message":"Data received","timestamp":"2025-01-14T14:52:32.020Z"}
{"data":{},"level":"info","message":"Data received","timestamp":"2025-01-14T14:52:32.085Z"}
{"data":{},"level":"info","message":"Data received","timestamp":"2025-01-14T14:52:32.126Z"}
{"data":{},"level":"info","message":"Data received","timestamp":"2025-01-14T14:52:32.176Z"}
{"data":{},"level":"info","message":"Data received","timestamp":"2025-01-14T14:52:32.178Z"}
{"data":{},"level":"info","message":"Data received","timestamp":"2025-01-14T14:52:32.230Z"}
{"data":{},"level":"info","message":"Data received","timestamp":"2025-01-14T14:52:33.165Z"}
{"data":{},"level":"info","message":"Data received","timestamp":"2025-01-14T14:52:33.167Z"}
{"data":{},"level":"info","message":"Data received","timestamp":"2025-01-14T14:52:42.811Z"}
{"data":{},"level":"info","message":"Data received","timestamp":"2025-01-14T14:52:42.813Z"}
{"data":{},"level":"info","message":"Data received","timestamp":"2025-01-14T14:52:42.890Z"}
{"data":{},"level":"info","message":"Data received","timestamp":"2025-01-14T14:52:42.933Z"}
{"data":{},"level":"info","message":"Data received","timestamp":"2025-01-14T14:52:42.988Z"}
{"data":{},"level":"info","message":"Data received","timestamp":"2025-01-14T14:52:43.038Z"}
{"data":{},"level":"info","message":"Data received","timestamp":"2025-01-14T14:52:43.095Z"}
{"data":{},"level":"info","message":"Data received","timestamp":"2025-01-14T14:52:52.800Z"}
{"data":{},"level":"info","message":"Data received","timestamp":"2025-01-14T14:53:02.800Z"}
{"data":{},"level":"info","message":"Data received","timestamp":"2025-01-14T14:53:13.660Z"}
{"data":{},"level":"info","message":"Data received","timestamp":"2025-01-14T14:53:23.658Z"}
{"data":{},"level":"info","message":"Data received","timestamp":"2025-01-14T14:53:33.647Z"}
{"data":{},"level":"info","message":"Data received","timestamp":"2025-01-14T14:53:43.649Z"}
{"data":{},"level":"info","message":"Data received","timestamp":"2025-01-14T14:53:52.805Z"}
{"data":{},"level":"info","message":"Data received","timestamp":"2025-01-14T14:53:54.266Z"}
{"data":{},"level":"info","message":"Data received","timestamp":"2025-01-14T14:53:54.311Z"}
{"data":{"headers":{"auth-token":"eyJhbGciOiJIUzI1NiIsInR5cCI6IkpXVCJ9.eyJfaWQiOiI2Nzg2NzljOGQ0ZjIyYzIzZmQzMDFlNGIiLCJpYXQiOjE3MzY4NjYyNDh9.CXjKtlTZCF9h7elsAKEuW_JCLbOjRQVysfZWCoTiuO0"},"survey":{"feedback":"","q10":"option6","q10_1":"option2","q10_2":"option1","q10_3":"option1","q11":"option1","q12":"option2","q12_1":"","q13_1":"option1","q13_2":"option1","q13_3":"option1","q14":"option2","q15":"option1","q16":"","q2":"option4","q3":"option2","q4":"option5","q5":"option5","q6":"option3","q7":"option1","q8":"option2","q9":"option3"}},"level":"info","message":"Data received","timestamp":"2025-01-14T14:54:25.085Z"}
{"data":{"headers":{"auth-token":null}},"level":"info","message":"Data received","timestamp":"2025-01-14T14:54:43.049Z"}
{"data":{"feedback":"","prolific_Code":"44","q1":"44","q10":"","q2":"option2","q3":"option3","q4":"option1","q5":"option2","q6":"44","q7":"option2","q8":"option1","q9":""},"level":"info","message":"Data received","timestamp":"2025-01-14T14:54:57.590Z"}
{"data":{"headers":{"auth-token":null}},"level":"info","message":"Data received","timestamp":"2025-01-14T14:54:57.651Z"}
{"data":{"password":"","pool":"5","profilePicture":"Blaues Huhn.webp","username":"Blaues Huhn","username_second":"Blaue Seekuh"},"level":"info","message":"Data received","timestamp":"2025-01-14T14:55:00.983Z"}
{"data":{"headers":{"auth-token":"eyJhbGciOiJIUzI1NiIsInR5cCI6IkpXVCJ9.eyJfaWQiOiI2Nzg2N2FjNWQ0ZjIyYzIzZmQzMDFmMDUiLCJpYXQiOjE3MzY4NjY1MDF9.Q3rRiSFaLhyiV6TlqHeSP8CpjMGLgnOnWzowUeO9ufA"},"userId":"67867ac5d4f22c23fd301f05","version":"5"},"level":"info","message":"Data received","timestamp":"2025-01-14T14:55:01.103Z"}
{"data":{},"level":"info","message":"Data received","timestamp":"2025-01-14T14:55:01.167Z"}
{"data":{},"level":"info","message":"Data received","timestamp":"2025-01-14T14:55:01.168Z"}
{"data":{},"level":"info","message":"Data received","timestamp":"2025-01-14T14:55:01.224Z"}
{"data":{},"level":"info","message":"Data received","timestamp":"2025-01-14T14:55:01.225Z"}
{"data":{},"level":"info","message":"Data received","timestamp":"2025-01-14T14:55:01.277Z"}
{"data":{},"level":"info","message":"Data received","timestamp":"2025-01-14T14:55:01.315Z"}
{"data":{},"level":"info","message":"Data received","timestamp":"2025-01-14T14:55:01.365Z"}
{"data":{"headers":{"auth-token":"eyJhbGciOiJIUzI1NiIsInR5cCI6IkpXVCJ9.eyJfaWQiOiI2Nzg2N2FjNWQ0ZjIyYzIzZmQzMDFmMDUiLCJpYXQiOjE3MzY4NjY1MDF9.Q3rRiSFaLhyiV6TlqHeSP8CpjMGLgnOnWzowUeO9ufA"},"userId":"67867ac5d4f22c23fd301f05"},"level":"info","message":"Data received","timestamp":"2025-01-14T14:55:04.950Z"}
{"data":{"headers":{"auth-token":"eyJhbGciOiJIUzI1NiIsInR5cCI6IkpXVCJ9.eyJfaWQiOiI2Nzg2N2FjNWQ0ZjIyYzIzZmQzMDFmMDUiLCJpYXQiOjE3MzY4NjY1MDF9.Q3rRiSFaLhyiV6TlqHeSP8CpjMGLgnOnWzowUeO9ufA"},"userId":"67867ac5d4f22c23fd301f05"},"level":"info","message":"Data received","timestamp":"2025-01-14T14:55:06.150Z"}
{"data":{"headers":{"auth-token":"eyJhbGciOiJIUzI1NiIsInR5cCI6IkpXVCJ9.eyJfaWQiOiI2Nzg2N2FjNWQ0ZjIyYzIzZmQzMDFmMDUiLCJpYXQiOjE3MzY4NjY1MDF9.Q3rRiSFaLhyiV6TlqHeSP8CpjMGLgnOnWzowUeO9ufA"},"userId":"67867ac5d4f22c23fd301f05"},"level":"info","message":"Data received","timestamp":"2025-01-14T14:55:09.729Z"}
{"data":{},"level":"info","message":"Data received","timestamp":"2025-01-14T14:55:11.172Z"}
{"data":{},"level":"info","message":"Data received","timestamp":"2025-01-14T14:55:11.219Z"}
{"data":{},"level":"info","message":"Data received","timestamp":"2025-01-14T14:55:21.262Z"}
{"data":{},"level":"info","message":"Data received","timestamp":"2025-01-14T14:55:21.308Z"}
{"data":{},"level":"info","message":"Data received","timestamp":"2025-01-14T14:55:31.267Z"}
{"data":{},"level":"info","message":"Data received","timestamp":"2025-01-14T14:55:32.912Z"}
{"data":{},"level":"info","message":"Data received","timestamp":"2025-01-14T14:55:32.913Z"}
{"data":{"headers":{"auth-token":"eyJhbGciOiJIUzI1NiIsInR5cCI6IkpXVCJ9.eyJfaWQiOiI2Nzg2N2FjNWQ0ZjIyYzIzZmQzMDFmMDUiLCJpYXQiOjE3MzY4NjY1MDF9.Q3rRiSFaLhyiV6TlqHeSP8CpjMGLgnOnWzowUeO9ufA"},"postId":"67867ac5d4f22c23fd301f11","txt":"rer","userId":"67867ac5d4f22c23fd301f05","username":"Blaues Huhn"},"level":"info","message":"Data received","timestamp":"2025-01-14T14:55:35.468Z"}
{"data":{},"level":"info","message":"Data received","timestamp":"2025-01-14T14:55:35.521Z"}
{"error":"Cannot populate path `comments.reposts` because it is not in your schema. Set the `strictPopulate` option to false to override.","level":"error","message":"Error saving data","timestamp":"2025-01-14T14:55:35.525Z"}
{"data":{},"level":"info","message":"Data received","timestamp":"2025-01-14T14:55:36.385Z"}
{"data":{},"level":"info","message":"Data received","timestamp":"2025-01-14T14:55:36.387Z"}
{"data":{},"level":"info","message":"Data received","timestamp":"2025-01-14T14:55:36.446Z"}
{"data":{},"level":"info","message":"Data received","timestamp":"2025-01-14T14:55:36.453Z"}
{"data":{},"level":"info","message":"Data received","timestamp":"2025-01-14T14:55:36.499Z"}
{"data":{},"level":"info","message":"Data received","timestamp":"2025-01-14T14:55:36.540Z"}
{"data":{},"level":"info","message":"Data received","timestamp":"2025-01-14T14:55:36.604Z"}
{"data":{},"level":"info","message":"Data received","timestamp":"2025-01-14T14:55:38.033Z"}
{"data":{},"level":"info","message":"Data received","timestamp":"2025-01-14T14:55:38.034Z"}
{"data":{"headers":{"auth-token":"eyJhbGciOiJIUzI1NiIsInR5cCI6IkpXVCJ9.eyJfaWQiOiI2Nzg2N2FjNWQ0ZjIyYzIzZmQzMDFmMDUiLCJpYXQiOjE3MzY4NjY1MDF9.Q3rRiSFaLhyiV6TlqHeSP8CpjMGLgnOnWzowUeO9ufA"},"postId":"67867ac5d4f22c23fd301f0f","txt":"fd","userId":"67867ac5d4f22c23fd301f05","username":"Blaues Huhn"},"level":"info","message":"Data received","timestamp":"2025-01-14T14:55:40.207Z"}
{"data":{},"level":"info","message":"Data received","timestamp":"2025-01-14T14:55:40.260Z"}
{"error":"Cannot populate path `comments.reposts` because it is not in your schema. Set the `strictPopulate` option to false to override.","level":"error","message":"Error saving data","timestamp":"2025-01-14T14:55:40.263Z"}
{"data":{},"level":"info","message":"Data received","timestamp":"2025-01-14T14:55:41.452Z"}
{"data":{},"level":"info","message":"Data received","timestamp":"2025-01-14T14:55:41.454Z"}
{"data":{},"level":"info","message":"Data received","timestamp":"2025-01-14T14:55:41.517Z"}
{"data":{},"level":"info","message":"Data received","timestamp":"2025-01-14T14:55:41.518Z"}
{"data":{},"level":"info","message":"Data received","timestamp":"2025-01-14T14:55:41.564Z"}
{"data":{},"level":"info","message":"Data received","timestamp":"2025-01-14T14:55:41.597Z"}
{"data":{},"level":"info","message":"Data received","timestamp":"2025-01-14T14:55:41.642Z"}
{"data":{},"level":"info","message":"Data received","timestamp":"2025-01-14T14:55:43.187Z"}
{"data":{},"level":"info","message":"Data received","timestamp":"2025-01-14T14:55:43.189Z"}
{"data":{"headers":{"auth-token":"eyJhbGciOiJIUzI1NiIsInR5cCI6IkpXVCJ9.eyJfaWQiOiI2Nzg2N2FjNWQ0ZjIyYzIzZmQzMDFmMDUiLCJpYXQiOjE3MzY4NjY1MDF9.Q3rRiSFaLhyiV6TlqHeSP8CpjMGLgnOnWzowUeO9ufA"},"postId":"67867ac5d4f22c23fd301f0d","txt":"dffd","userId":"67867ac5d4f22c23fd301f05","username":"Blaues Huhn"},"level":"info","message":"Data received","timestamp":"2025-01-14T14:55:45.274Z"}
{"data":{},"level":"info","message":"Data received","timestamp":"2025-01-14T14:55:45.327Z"}
{"error":"Cannot populate path `comments.reposts` because it is not in your schema. Set the `strictPopulate` option to false to override.","level":"error","message":"Error saving data","timestamp":"2025-01-14T14:55:45.330Z"}
{"data":{},"level":"info","message":"Data received","timestamp":"2025-01-14T14:55:46.633Z"}
{"data":{},"level":"info","message":"Data received","timestamp":"2025-01-14T14:55:46.638Z"}
{"data":{},"level":"info","message":"Data received","timestamp":"2025-01-14T14:55:46.705Z"}
{"data":{},"level":"info","message":"Data received","timestamp":"2025-01-14T14:55:46.706Z"}
{"data":{},"level":"info","message":"Data received","timestamp":"2025-01-14T14:55:46.803Z"}
{"data":{},"level":"info","message":"Data received","timestamp":"2025-01-14T14:55:46.804Z"}
{"data":{},"level":"info","message":"Data received","timestamp":"2025-01-14T14:55:46.855Z"}
{"data":{},"level":"info","message":"Data received","timestamp":"2025-01-14T14:55:52.456Z"}
{"data":{},"level":"info","message":"Data received","timestamp":"2025-01-14T14:55:52.458Z"}
{"data":{"headers":{"auth-token":"eyJhbGciOiJIUzI1NiIsInR5cCI6IkpXVCJ9.eyJfaWQiOiI2Nzg2N2FjNWQ0ZjIyYzIzZmQzMDFmMDUiLCJpYXQiOjE3MzY4NjY1MDF9.Q3rRiSFaLhyiV6TlqHeSP8CpjMGLgnOnWzowUeO9ufA"},"survey":{"feedback":"","q10":"option4","q10_1":"option3","q10_2":"option4","q10_3":"option1","q11":"option3","q12":"option3","q12_1":"","q13_1":"option3","q13_2":"option3","q13_3":"option1","q14":"option3","q15":"option2","q16":"fdf","q2":"option4","q3":"option4","q4":"option5","q5":"option2","q6":"option7","q7":"option2","q8":"option2","q9":"option1"}},"level":"info","message":"Data received","timestamp":"2025-01-14T14:56:24.410Z"}
